# JRE version: OpenJDK Runtime Environment (8.0_112-b06) (build 1.8.0_112-release-b06)
# Java VM: OpenJDK 64-Bit Server VM (25.112-b06 mixed mode linux-amd64 compressed oops)
Heap:
 PSYoungGen      total 503296K, used 488007K [0x00000000e0000000, 0x00000000fff00000, 0x0000000100000000)
  eden space 484864K, 99% used [0x00000000e0000000,0x00000000fd9140a0,0x00000000fd980000)
  from space 18432K, 19% used [0x00000000feb80000,0x00000000feefdeb0,0x00000000ffd80000)
  to   space 18432K, 0% used [0x00000000fd980000,0x00000000fd980000,0x00000000feb80000)
 ParOldGen       total 95232K, used 53410K [0x00000000a0000000, 0x00000000a5d00000, 0x00000000e0000000)
  object space 95232K, 56% used [0x00000000a0000000,0x00000000a3428958,0x00000000a5d00000)
 Metaspace       used 73649K, capacity 77442K, committed 77592K, reserved 1118208K
  class space    used 9158K, capacity 9722K, committed 9752K, reserved 1048576K
GC Heap History (10 events):
Event: 131.770 GC heap before
{Heap before GC invocations=15 (full 3):
 PSYoungGen      total 347136K, used 325550K [0x00000000e0000000, 0x00000000ff580000, 0x0000000100000000)
  eden space 326144K, 99% used [0x00000000e0000000,0x00000000f3deb980,0x00000000f3e80000)
  from space 20992K, 0% used [0x00000000f3e80000,0x00000000f3e80000,0x00000000f5300000)
  to   space 20992K, 0% used [0x00000000fe100000,0x00000000fe100000,0x00000000ff580000)
 ParOldGen       total 95232K, used 39795K [0x00000000a0000000, 0x00000000a5d00000, 0x00000000e0000000)
  object space 95232K, 41% used [0x00000000a0000000,0x00000000a26dcc50,0x00000000a5d00000)
 Metaspace       used 64612K, capacity 66606K, committed 66712K, reserved 1107968K
  class space    used 8343K, capacity 8760K, committed 8856K, reserved 1048576K
Event: 131.786 GC heap after
Heap after GC invocations=15 (full 3):
 PSYoungGen      total 493568K, used 10254K [0x00000000e0000000, 0x00000000ff600000, 0x0000000100000000)
  eden space 472576K, 0% used [0x00000000e0000000,0x00000000e0000000,0x00000000fcd80000)
  from space 20992K, 48% used [0x00000000fe100000,0x00000000feb03808,0x00000000ff580000)
  to   space 19968K, 0% used [0x00000000fcd80000,0x00000000fcd80000,0x00000000fe100000)
 ParOldGen       total 95232K, used 39819K [0x00000000a0000000, 0x00000000a5d00000, 0x00000000e0000000)
  object space 95232K, 41% used [0x00000000a0000000,0x00000000a26e2c50,0x00000000a5d00000)
 Metaspace       used 64612K, capacity 66606K, committed 66712K, reserved 1107968K
  class space    used 8343K, capacity 8760K, committed 8856K, reserved 1048576K
}
Event: 136.653 GC heap before
{Heap before GC invocations=16 (full 3):
 PSYoungGen      total 493568K, used 482830K [0x00000000e0000000, 0x00000000ff600000, 0x0000000100000000)
  eden space 472576K, 100% used [0x00000000e0000000,0x00000000fcd80000,0x00000000fcd80000)
  from space 20992K, 48% used [0x00000000fe100000,0x00000000feb03808,0x00000000ff580000)
  to   space 19968K, 0% used [0x00000000fcd80000,0x00000000fcd80000,0x00000000fe100000)
 ParOldGen       total 95232K, used 39819K [0x00000000a0000000, 0x00000000a5d00000, 0x00000000e0000000)
  object space 95232K, 41% used [0x00000000a0000000,0x00000000a26e2c50,0x00000000a5d00000)
 Metaspace       used 69680K, capacity 71822K, committed 72088K, reserved 1112064K
  class space    used 8850K, capacity 9310K, committed 9368K, reserved 1048576K
Event: 136.676 GC heap after
Heap after GC invocations=16 (full 3):
 PSYoungGen      total 492544K, used 11857K [0x00000000e0000000, 0x00000000fff00000, 0x0000000100000000)
  eden space 472576K, 0% used [0x00000000e0000000,0x00000000e0000000,0x00000000fcd80000)
  from space 19968K, 59% used [0x00000000fcd80000,0x00000000fd9147f0,0x00000000fe100000)
  to   space 19968K, 0% used [0x00000000feb80000,0x00000000feb80000,0x00000000fff00000)
 ParOldGen       total 95232K, used 47621K [0x00000000a0000000, 0x00000000a5d00000, 0x00000000e0000000)
  object space 95232K, 50% used [0x00000000a0000000,0x00000000a2e817a0,0x00000000a5d00000)
 Metaspace       used 69680K, capacity 71822K, committed 72088K, reserved 1112064K
  class space    used 8850K, capacity 9310K, committed 9368K, reserved 1048576K
}
Event: 400.975 GC heap before
{Heap before GC invocations=17 (full 3):
 PSYoungGen      total 492544K, used 484433K [0x00000000e0000000, 0x00000000fff00000, 0x0000000100000000)
  eden space 472576K, 100% used [0x00000000e0000000,0x00000000fcd80000,0x00000000fcd80000)
  from space 19968K, 59% used [0x00000000fcd80000,0x00000000fd9147f0,0x00000000fe100000)
  to   space 19968K, 0% used [0x00000000feb80000,0x00000000feb80000,0x00000000fff00000)
 ParOldGen       total 95232K, used 47621K [0x00000000a0000000, 0x00000000a5d00000, 0x00000000e0000000)
  object space 95232K, 50% used [0x00000000a0000000,0x00000000a2e817a0,0x00000000a5d00000)
 Metaspace       used 70997K, capacity 73526K, committed 73752K, reserved 1114112K
  class space    used 8944K, capacity 9424K, committed 9496K, reserved 1048576K
Event: 400.994 GC heap after
Heap after GC invocations=17 (full 3):
 PSYoungGen      total 503808K, used 7295K [0x00000000e0000000, 0x00000000fff00000, 0x0000000100000000)
  eden space 483840K, 0% used [0x00000000e0000000,0x00000000e0000000,0x00000000fd880000)
  from space 19968K, 36% used [0x00000000feb80000,0x00000000ff29fce8,0x00000000fff00000)
  to   space 19456K, 0% used [0x00000000fd880000,0x00000000fd880000,0x00000000feb80000)
 ParOldGen       total 95232K, used 51610K [0x00000000a0000000, 0x00000000a5d00000, 0x00000000e0000000)
  object space 95232K, 54% used [0x00000000a0000000,0x00000000a32668e8,0x00000000a5d00000)
 Metaspace       used 70997K, capacity 73526K, committed 73752K, reserved 1114112K
  class space    used 8944K, capacity 9424K, committed 9496K, reserved 1048576K
}
Event: 465.731 GC heap before
{Heap before GC invocations=18 (full 3):
 PSYoungGen      total 503808K, used 491135K [0x00000000e0000000, 0x00000000fff00000, 0x0000000100000000)
  eden space 483840K, 100% used [0x00000000e0000000,0x00000000fd880000,0x00000000fd880000)
  from space 19968K, 36% used [0x00000000feb80000,0x00000000ff29fce8,0x00000000fff00000)
  to   space 19456K, 0% used [0x00000000fd880000,0x00000000fd880000,0x00000000feb80000)
 ParOldGen       total 95232K, used 51610K [0x00000000a0000000, 0x00000000a5d00000, 0x00000000e0000000)
  object space 95232K, 54% used [0x00000000a0000000,0x00000000a32668e8,0x00000000a5d00000)
 Metaspace       used 71707K, capacity 74456K, committed 74520K, reserved 1114112K
  class space    used 8967K, capacity 9489K, committed 9496K, reserved 1048576K
Event: 465.753 GC heap after
Heap after GC invocations=18 (full 3):
 PSYoungGen      total 503296K, used 9576K [0x00000000e0000000, 0x00000000ffd80000, 0x0000000100000000)
  eden space 483840K, 0% used [0x00000000e0000000,0x00000000e0000000,0x00000000fd880000)
  from space 19456K, 49% used [0x00000000fd880000,0x00000000fe1da248,0x00000000feb80000)
  to   space 18432K, 0% used [0x00000000feb80000,0x00000000feb80000,0x00000000ffd80000)
 ParOldGen       total 95232K, used 52610K [0x00000000a0000000, 0x00000000a5d00000, 0x00000000e0000000)
  object space 95232K, 55% used [0x00000000a0000000,0x00000000a3360928,0x00000000a5d00000)
 Metaspace       used 71707K, capacity 74456K, committed 74520K, reserved 1114112K
  class space    used 8967K, capacity 9489K, committed 9496K, reserved 1048576K
}
Event: 1086.207 GC heap before
{Heap before GC invocations=19 (full 3):
 PSYoungGen      total 503296K, used 493416K [0x00000000e0000000, 0x00000000ffd80000, 0x0000000100000000)
  eden space 483840K, 100% used [0x00000000e0000000,0x00000000fd880000,0x00000000fd880000)
  from space 19456K, 49% used [0x00000000fd880000,0x00000000fe1da248,0x00000000feb80000)
  to   space 18432K, 0% used [0x00000000feb80000,0x00000000feb80000,0x00000000ffd80000)
 ParOldGen       total 95232K, used 52610K [0x00000000a0000000, 0x00000000a5d00000, 0x00000000e0000000)
  object space 95232K, 55% used [0x00000000a0000000,0x00000000a3360928,0x00000000a5d00000)
 Metaspace       used 72530K, capacity 75718K, committed 75928K, reserved 1116160K
  class space    used 9042K, capacity 9590K, committed 9624K, reserved 1048576K
Event: 1086.218 GC heap after
Heap after GC invocations=19 (full 3):
 PSYoungGen      total 503296K, used 3575K [0x00000000e0000000, 0x00000000fff00000, 0x0000000100000000)
  eden space 484864K, 0% used [0x00000000e0000000,0x00000000e0000000,0x00000000fd980000)
  from space 18432K, 19% used [0x00000000feb80000,0x00000000feefdeb0,0x00000000ffd80000)
  to   space 18432K, 0% used [0x00000000fd980000,0x00000000fd980000,0x00000000feb80000)
 ParOldGen       total 95232K, used 53410K [0x00000000a0000000, 0x00000000a5d00000, 0x00000000e0000000)
  object space 95232K, 56% used [0x00000000a0000000,0x00000000a3428958,0x00000000a5d00000)
 Metaspace       used 72530K, capacity 75718K, committed 75928K, reserved 1116160K
  class space    used 9042K, capacity 9590K, committed 9624K, reserved 1048576K
}

